SF:C:\Dev\LuceneSearch\src\LuceneSearch\BooleanIndexQuery.cs
FN:13,LuceneSearch.BooleanIndexQuery LuceneSearch.BooleanIndexQuery::Add(LuceneSearch.IndexQuery,System.Boolean)
FNDA:2,LuceneSearch.BooleanIndexQuery LuceneSearch.BooleanIndexQuery::Add(LuceneSearch.IndexQuery,System.Boolean)
DA:14,2
DA:15,0
DA:16,2
DA:17,2
BRDA:14,1,0,1
BRDA:14,19,0,0
BRDA:14,1,1,3
BRDA:14,19,1,3
BRDA:16,51,0,1
BRDA:16,51,1,1
FN:20,LuceneSearch.BooleanIndexQuery LuceneSearch.BooleanIndexQuery::And(LuceneSearch.IndexQuery)
FNDA:1,LuceneSearch.BooleanIndexQuery LuceneSearch.BooleanIndexQuery::And(LuceneSearch.IndexQuery)
DA:21,1
FN:23,LuceneSearch.BooleanIndexQuery LuceneSearch.BooleanIndexQuery::AndNot(LuceneSearch.IndexQuery)
FNDA:1,LuceneSearch.BooleanIndexQuery LuceneSearch.BooleanIndexQuery::AndNot(LuceneSearch.IndexQuery)
DA:24,1
LF:6
LH:5
BRF:6
BRH:5
FNF:3
FNH:3
end_of_record
SF:C:\Dev\LuceneSearch\src\LuceneSearch\DelegateDisposable.cs
FN:11,System.Void LuceneSearch.DelegateDisposable::Dispose()
FNDA:6,System.Void LuceneSearch.DelegateDisposable::Dispose()
DA:12,6
BRDA:12,7,0,0
BRDA:12,7,1,63
LF:1
LH:1
BRF:2
BRH:1
FNF:1
FNH:1
end_of_record
SF:C:\Dev\LuceneSearch\src\LuceneSearch\DirectoryProvider.cs
FN:12,Lucene.Net.Store.Directory LuceneSearch.DirectoryProvider::Create(System.String)
FNDA:11,Lucene.Net.Store.Directory LuceneSearch.DirectoryProvider::Create(System.String)
DA:13,11
DA:16,0
DA:18,11
DA:21,22
DA:22,11
DA:23,11
DA:24,11
DA:25,11
DA:26,11
BRDA:13,11,0,2047
BRDA:13,11,1,0
BRDA:13,24,1,2047
BRDA:13,24,0,2047
BRDA:21,80,0,2047
BRDA:21,80,1,2047
BRDA:23,102,0,0
BRDA:23,102,1,2047
BRDA:25,128,0,0
BRDA:25,128,1,2047
LF:9
LH:8
BRF:10
BRH:7
FNF:1
FNH:1
end_of_record
SF:C:\Dev\LuceneSearch\src\LuceneSearch\FieldMapper.cs
FN:10,System.Collections.Generic.HashSet`1<System.String> LuceneSearch.FieldMapper::GetTermFields(System.Collections.Generic.IEnumerable`1<LuceneSearch.Field>)
FNDA:11,System.Collections.Generic.HashSet`1<System.String> LuceneSearch.FieldMapper::GetTermFields(System.Collections.Generic.IEnumerable`1<LuceneSearch.Field>)
DA:11,11
DA:12,84
DA:13,84
DA:14,68
DA:15,11
DA:16,11
BRDA:11,7,0,1
BRDA:11,7,1,2047
BRDA:11,43,0,1
BRDA:11,43,1,2047
BRDA:11,79,0,1
BRDA:11,79,1,2047
FN:18,System.Collections.Generic.Dictionary`2<System.String,System.Func`2<System.String,Lucene.Net.Index.IIndexableField>> LuceneSearch.FieldMapper::Create(System.Collections.Generic.IEnumerable`1<LuceneSearch.Field>)
FNDA:157,System.Collections.Generic.Dictionary`2<System.String,System.Func`2<System.String,Lucene.Net.Index.IIndexableField>> LuceneSearch.FieldMapper::Create(System.Collections.Generic.IEnumerable`1<LuceneSearch.Field>)
DA:19,157
BRDA:19,7,0,1
BRDA:19,7,1,2047
BRDA:19,38,0,1
BRDA:19,38,1,2047
FN:21,System.Func`2<System.String,Lucene.Net.Index.IIndexableField> LuceneSearch.FieldMapper::CreateFactory(LuceneSearch.Field)
FNDA:73,System.Func`2<System.String,Lucene.Net.Index.IIndexableField> LuceneSearch.FieldMapper::CreateFactory(LuceneSearch.Field)
DA:22,73
DA:23,8073
DA:24,73
DA:25,16073
DA:26,73
DA:27,8076
DA:28,8076
DA:29,8076
DA:30,8076
DA:31,8076
DA:32,32082
BRDA:22,24,0,2147483647
BRDA:22,37,0,2147483647
BRDA:22,50,0,2147483647
BRDA:22,50,1,2047
BRDA:22,37,1,65535
BRDA:22,24,1,255
LF:18
LH:18
BRF:22
BRH:21
FNF:3
FNH:3
end_of_record
SF:C:\Dev\LuceneSearch\src\LuceneSearch\Index.cs
FN:28,Lucene.Net.Index.IndexWriter LuceneSearch.Index::get_Writer()
FNDA:26,Lucene.Net.Index.IndexWriter LuceneSearch.Index::get_Writer()
DA:29,26
BRDA:29,8,0,2047
BRDA:29,8,1,67108863
FN:54,System.Int64 LuceneSearch.Index::LoadDocuments(System.Collections.Generic.IEnumerable`1<System.Collections.Generic.IEnumerable`1<System.Collections.Generic.KeyValuePair`2<System.String,System.String>>>)
FNDA:8,System.Int64 LuceneSearch.Index::LoadDocuments(System.Collections.Generic.IEnumerable`1<System.Collections.Generic.IEnumerable`1<System.Collections.Generic.KeyValuePair`2<System.String,System.String>>>)
DA:55,8
DA:56,8
DA:58,16016
DA:60,8000
DA:61,208000
DA:63,64000
DA:65,8000
DA:66,8000
DA:69,8
DA:70,8
BRDA:58,143,1,2147483647
BRDA:58,143,0,255
BRDA:61,109,1,2147483647
BRDA:61,109,0,2147483647
FN:76,System.Int32 LuceneSearch.Index::get_Count()
FNDA:3,System.Int32 LuceneSearch.Index::get_Count()
DA:77,3
DA:80,3
DA:84,3
DA:85,3
DA:86,3
FN:90,System.Collections.Generic.IReadOnlyCollection`1<System.Collections.Generic.KeyValuePair`2<System.String,System.String>> LuceneSearch.Index::GetByTerm(System.String,System.String)
FNDA:4,System.Collections.Generic.IReadOnlyCollection`1<System.Collections.Generic.KeyValuePair`2<System.String,System.String>> LuceneSearch.Index::GetByTerm(System.String,System.String)
DA:91,4
DA:94,4
DA:95,4
DA:97,3
DA:98,14
DA:100,1
DA:104,4
DA:105,4
DA:106,4
BRDA:95,49,0,7
BRDA:95,49,1,1
BRDA:98,71,0,1
BRDA:98,71,1,7
FN:109,System.Void LuceneSearch.Index::DeleteByTerm(System.String,System.String,System.Boolean)
FNDA:0,System.Void LuceneSearch.Index::DeleteByTerm(System.String,System.String,System.Boolean)
DA:110,0
DA:111,0
DA:112,0
DA:113,0
BRDA:112,24,0,0
BRDA:112,24,1,0
FN:116,System.Void LuceneSearch.Index::UpdateByTerm(System.String,System.String,System.Collections.Generic.IEnumerable`1<System.Collections.Generic.KeyValuePair`2<System.String,System.String>>,System.Boolean)
FNDA:5,System.Void LuceneSearch.Index::UpdateByTerm(System.String,System.String,System.Collections.Generic.IEnumerable`1<System.Collections.Generic.KeyValuePair`2<System.String,System.String>>,System.Boolean)
DA:117,5
DA:118,5
DA:119,46
DA:121,12
DA:123,5
DA:124,10
DA:125,5
BRDA:119,88,1,4095
BRDA:119,88,0,31
BRDA:124,123,0,31
BRDA:124,123,1,31
FN:128,System.Void LuceneSearch.Index::Commit()
FNDA:13,System.Void LuceneSearch.Index::Commit()
DA:129,13
DA:130,14
DA:131,13
BRDA:130,22,0,1
BRDA:130,22,1,8191
FN:139,LuceneSearch.SearchResult LuceneSearch.Index::Search(System.Collections.Generic.IDictionary`2<System.String,System.Collections.Generic.IReadOnlyCollection`1<System.String>>,System.Int32,System.Int32,System.String,System.Boolean,System.Collections.Generic.ISet`1<System.String>)
FNDA:4,LuceneSearch.SearchResult LuceneSearch.Index::Search(System.Collections.Generic.IDictionary`2<System.String,System.Collections.Generic.IReadOnlyCollection`1<System.String>>,System.Int32,System.Int32,System.String,System.Boolean,System.Collections.Generic.ISet`1<System.String>)
DA:140,4
FN:148,LuceneSearch.SearchResult LuceneSearch.Index::Search(LuceneSearch.IndexQuery,System.Int32,System.Int32,System.String,System.Boolean,System.Collections.Generic.ISet`1<System.String>)
FNDA:2,LuceneSearch.SearchResult LuceneSearch.Index::Search(LuceneSearch.IndexQuery,System.Int32,System.Int32,System.String,System.Boolean,System.Collections.Generic.ISet`1<System.String>)
DA:149,2
FN:159,LuceneSearch.SearchResult LuceneSearch.Index::Search(System.String,System.Collections.Generic.IDictionary`2<System.String,System.Collections.Generic.IReadOnlyCollection`1<System.String>>,System.Int32,System.Int32,System.String,System.Boolean,System.Collections.Generic.ISet`1<System.String>)
FNDA:0,LuceneSearch.SearchResult LuceneSearch.Index::Search(System.String,System.Collections.Generic.IDictionary`2<System.String,System.Collections.Generic.IReadOnlyCollection`1<System.String>>,System.Int32,System.Int32,System.String,System.Boolean,System.Collections.Generic.ISet`1<System.String>)
DA:160,0
DA:161,0
DA:162,0
FN:165,LuceneSearch.IndexQuery LuceneSearch.Index::Parse(System.String)
FNDA:0,LuceneSearch.IndexQuery LuceneSearch.Index::Parse(System.String)
DA:166,0
FN:169,Lucene.Net.Search.Query LuceneSearch.Index::Parse(System.String,System.String)
FNDA:4,Lucene.Net.Search.Query LuceneSearch.Index::Parse(System.String,System.String)
DA:170,4
DA:171,4
DA:172,4
DA:173,4
DA:174,4
DA:176,1
DA:178,3
DA:179,3
DA:180,3
DA:181,3
DA:182,3
DA:183,3
DA:184,3
BRDA:171,8,0,15
BRDA:171,22,0,15
BRDA:171,36,0,7
BRDA:171,44,0,1
BRDA:171,8,1,7
BRDA:171,22,1,7
BRDA:171,36,1,7
BRDA:171,44,1,7
BRDA:178,58,0,0
BRDA:178,58,1,7
FN:187,System.Collections.Generic.IEnumerable`1<Lucene.Net.Search.Query> LuceneSearch.Index::Parse(System.Collections.Generic.IDictionary`2<System.String,System.Collections.Generic.IReadOnlyCollection`1<System.String>>)
FNDA:4,System.Collections.Generic.IEnumerable`1<Lucene.Net.Search.Query> LuceneSearch.Index::Parse(System.Collections.Generic.IDictionary`2<System.String,System.Collections.Generic.IReadOnlyCollection`1<System.String>>)
DA:188,4
DA:189,12
DA:190,8
BRDA:188,24,0,1
BRDA:188,24,1,15
FN:197,LuceneSearch.SearchResult LuceneSearch.Index::Search(System.String,System.Int32,System.Int32,System.String,System.Boolean,System.Collections.Generic.ISet`1<System.String>)
FNDA:0,LuceneSearch.SearchResult LuceneSearch.Index::Search(System.String,System.Int32,System.Int32,System.String,System.Boolean,System.Collections.Generic.ISet`1<System.String>)
DA:198,0
FN:207,LuceneSearch.SearchResult LuceneSearch.Index::QuerySearch(Lucene.Net.Search.Query,System.Int32,System.Int32,System.String,System.Boolean,System.Collections.Generic.ISet`1<System.String>)
FNDA:6,LuceneSearch.SearchResult LuceneSearch.Index::QuerySearch(Lucene.Net.Search.Query,System.Int32,System.Int32,System.String,System.Boolean,System.Collections.Generic.ISet`1<System.String>)
DA:208,6
DA:209,6
DA:212,6
DA:213,6
DA:214,6
DA:215,6
DA:216,6
DA:217,26
DA:219,7
DA:220,14
DA:222,6
DA:226,6
DA:227,6
DA:228,6
BRDA:212,25,0,0
BRDA:212,25,1,63
BRDA:217,166,1,127
BRDA:217,166,0,63
BRDA:220,114,0,1
BRDA:220,114,1,127
FN:263,System.Void LuceneSearch.Index::Dispose()
FNDA:3,System.Void LuceneSearch.Index::Dispose()
DA:264,3
BRDA:264,7,0,0
BRDA:264,7,1,7
FN:40,Lucene.Net.Search.SearcherManager LuceneSearch.Index::<.ctor>b__9_3()
FNDA:11,Lucene.Net.Search.SearcherManager LuceneSearch.Index::<.ctor>b__9_3()
DA:41,11
FN:44,System.Void LuceneSearch.Index/<>c__DisplayClass9_0::<.ctor>b__4()
FNDA:3,System.Void LuceneSearch.Index/<>c__DisplayClass9_0::<.ctor>b__4()
DA:45,3
DA:46,3
DA:47,3
DA:48,6
DA:49,3
DA:50,3
BRDA:46,23,0,0
BRDA:46,23,1,7
BRDA:48,61,0,7
BRDA:48,61,1,7
FN:35,System.Boolean LuceneSearch.Index/<>c::<.ctor>b__9_0(LuceneSearch.Field)
FNDA:73,System.Boolean LuceneSearch.Index/<>c::<.ctor>b__9_0(LuceneSearch.Field)
DA:36,73
FN:36,System.String LuceneSearch.Index/<>c::<.ctor>b__9_1(LuceneSearch.Field)
FNDA:0,System.String LuceneSearch.Index/<>c::<.ctor>b__9_1(LuceneSearch.Field)
DA:37,0
FN:236,System.Boolean LuceneSearch.Index/<GetTerms>d__25::MoveNext()
FNDA:2,System.Boolean LuceneSearch.Index/<GetTerms>d__25::MoveNext()
DA:237,2
DA:240,2
DA:241,2
DA:242,2
DA:243,2
DA:245,2
DA:246,2
DA:247,2
DA:248,2
DA:250,2
DA:251,2
DA:253,2
DA:254,2
DA:255,4
DA:257,0
DA:262,0
BRDA:237,19,0,0
BRDA:237,19,1,3
BRDA:242,92,0,0
BRDA:242,92,1,3
BRDA:245,120,0,3
BRDA:245,120,1,3
BRDA:246,129,0,3
BRDA:246,129,1,0
BRDA:251,294,1,3
BRDA:251,294,0,0
BRDA:255,241,0,3
BRDA:255,274,0,3
BRDA:255,241,1,3
BRDA:255,274,1,3
FN:259,System.Void LuceneSearch.Index/<GetTerms>d__25::<>m__Finally1()
FNDA:2,System.Void LuceneSearch.Index/<GetTerms>d__25::<>m__Finally1()
DA:260,2
DA:261,2
LF:104
LH:92
BRF:56
BRH:46
FNF:22
FNH:17
end_of_record
SF:C:\Dev\LuceneSearch\src\LuceneSearch\Index.static.cs
FN:36,System.Void LuceneSearch.Index::InitializeEmbeddable()
FNDA:0,System.Void LuceneSearch.Index::InitializeEmbeddable()
DA:37,0
DA:38,0
DA:39,0
DA:41,0
LF:4
LH:0
BRF:0
BRH:0
FNF:1
FNH:0
end_of_record
SF:C:\Dev\LuceneSearch\src\LuceneSearch\IndexQuery.cs
FN:13,System.String LuceneSearch.IndexQuery::ToString()
FNDA:0,System.String LuceneSearch.IndexQuery::ToString()
DA:14,0
FN:16,LuceneSearch.IndexQuery LuceneSearch.IndexQuery::get_All()
FNDA:0,LuceneSearch.IndexQuery LuceneSearch.IndexQuery::get_All()
DA:17,0
FN:18,LuceneSearch.IndexQuery LuceneSearch.IndexQuery::Term(System.String,System.String)
FNDA:2,LuceneSearch.IndexQuery LuceneSearch.IndexQuery::Term(System.String,System.String)
DA:19,2
FN:21,LuceneSearch.IndexQuery LuceneSearch.IndexQuery::Wildcard(System.String,System.String)
FNDA:0,LuceneSearch.IndexQuery LuceneSearch.IndexQuery::Wildcard(System.String,System.String)
DA:22,0
FN:24,LuceneSearch.IndexQuery LuceneSearch.IndexQuery::Regexp(System.String,System.String)
FNDA:0,LuceneSearch.IndexQuery LuceneSearch.IndexQuery::Regexp(System.String,System.String)
DA:25,0
FN:27,LuceneSearch.IndexQuery LuceneSearch.IndexQuery::Prefix(System.String,System.String)
FNDA:0,LuceneSearch.IndexQuery LuceneSearch.IndexQuery::Prefix(System.String,System.String)
DA:28,0
FN:35,LuceneSearch.IndexQuery LuceneSearch.IndexQuery::Range(System.String,System.String,System.Boolean,System.String,System.Boolean)
FNDA:0,LuceneSearch.IndexQuery LuceneSearch.IndexQuery::Range(System.String,System.String,System.Boolean,System.String,System.Boolean)
DA:36,0
FN:38,LuceneSearch.IndexQuery LuceneSearch.IndexQuery::And(LuceneSearch.IndexQuery[])
FNDA:0,LuceneSearch.IndexQuery LuceneSearch.IndexQuery::And(LuceneSearch.IndexQuery[])
DA:39,0
BRDA:39,7,0,0
BRDA:39,7,1,0
FN:41,LuceneSearch.IndexQuery LuceneSearch.IndexQuery::Or(LuceneSearch.IndexQuery[])
FNDA:0,LuceneSearch.IndexQuery LuceneSearch.IndexQuery::Or(LuceneSearch.IndexQuery[])
DA:42,0
BRDA:42,7,0,0
BRDA:42,7,1,0
LF:9
LH:1
BRF:4
BRH:0
FNF:9
FNH:1
end_of_record
SF:C:\Dev\LuceneSearch\src\LuceneSearch\PerFieldAnalyzer.cs
FN:27,System.ValueTuple`2<Lucene.Net.Analysis.Analyzer,System.IDisposable> LuceneSearch.PerFieldAnalyzer::Create(System.String,System.Collections.Generic.IDictionary`2<System.String,System.String>)
FNDA:11,System.ValueTuple`2<Lucene.Net.Analysis.Analyzer,System.IDisposable> LuceneSearch.PerFieldAnalyzer::Create(System.String,System.Collections.Generic.IDictionary`2<System.String,System.String>)
DA:28,11
DA:29,33
DA:30,11
DA:31,11
DA:32,11
DA:33,11
DA:34,11
DA:35,11
DA:36,14
DA:37,23
DA:38,14
DA:39,14
DA:40,11
BRDA:30,42,0,1
BRDA:30,42,1,2047
FN:15,Lucene.Net.Analysis.Analyzer LuceneSearch.PerFieldAnalyzer/<>c::<.cctor>b__2_0()
FNDA:11,Lucene.Net.Analysis.Analyzer LuceneSearch.PerFieldAnalyzer/<>c::<.cctor>b__2_0()
DA:16,11
FN:16,Lucene.Net.Analysis.Analyzer LuceneSearch.PerFieldAnalyzer/<>c::<.cctor>b__2_1()
FNDA:0,Lucene.Net.Analysis.Analyzer LuceneSearch.PerFieldAnalyzer/<>c::<.cctor>b__2_1()
DA:17,0
FN:17,Lucene.Net.Analysis.Analyzer LuceneSearch.PerFieldAnalyzer/<>c::<.cctor>b__2_2()
FNDA:0,Lucene.Net.Analysis.Analyzer LuceneSearch.PerFieldAnalyzer/<>c::<.cctor>b__2_2()
DA:18,0
FN:18,Lucene.Net.Analysis.Analyzer LuceneSearch.PerFieldAnalyzer/<>c::<.cctor>b__2_3()
FNDA:0,Lucene.Net.Analysis.Analyzer LuceneSearch.PerFieldAnalyzer/<>c::<.cctor>b__2_3()
DA:19,0
FN:19,Lucene.Net.Analysis.Analyzer LuceneSearch.PerFieldAnalyzer/<>c::<.cctor>b__2_4()
FNDA:0,Lucene.Net.Analysis.Analyzer LuceneSearch.PerFieldAnalyzer/<>c::<.cctor>b__2_4()
DA:20,0
FN:20,Lucene.Net.Analysis.Analyzer LuceneSearch.PerFieldAnalyzer/<>c::<.cctor>b__2_5()
FNDA:0,Lucene.Net.Analysis.Analyzer LuceneSearch.PerFieldAnalyzer/<>c::<.cctor>b__2_5()
DA:21,0
LF:19
LH:14
BRF:6
BRH:6
FNF:7
FNH:2
end_of_record
SF:C:\Dev\LuceneSearch\src\LuceneSearch\QueryHelper.cs
FN:11,Lucene.Net.Search.Query LuceneSearch.QueryHelper::Wildcard(System.String,System.String)
FNDA:1,Lucene.Net.Search.Query LuceneSearch.QueryHelper::Wildcard(System.String,System.String)
DA:12,1
FN:13,Lucene.Net.Search.Query LuceneSearch.QueryHelper::Regexp(System.String,System.String)
FNDA:0,Lucene.Net.Search.Query LuceneSearch.QueryHelper::Regexp(System.String,System.String)
DA:14,0
FN:16,Lucene.Net.Search.Query LuceneSearch.QueryHelper::Prefix(System.String,System.String)
FNDA:0,Lucene.Net.Search.Query LuceneSearch.QueryHelper::Prefix(System.String,System.String)
DA:17,0
FN:20,System.Boolean LuceneSearch.QueryHelper::IsRange(System.String)
FNDA:3,System.Boolean LuceneSearch.QueryHelper::IsRange(System.String)
DA:21,3
DA:22,3
DA:23,3
DA:24,3
BRDA:22,19,0,3
BRDA:22,19,1,3
BRDA:22,32,0,3
BRDA:22,45,0,1
BRDA:22,45,1,3
BRDA:22,58,0,3
BRDA:22,32,1,1
BRDA:22,58,1,1
FN:32,Lucene.Net.Search.Query LuceneSearch.QueryHelper::Range(System.String,System.String,System.Boolean,System.String,System.Boolean)
FNDA:0,Lucene.Net.Search.Query LuceneSearch.QueryHelper::Range(System.String,System.String,System.Boolean,System.String,System.Boolean)
DA:33,0
DA:34,0
DA:35,0
DA:36,0
DA:37,0
DA:38,0
BRDA:33,2,0,0
BRDA:33,2,1,0
BRDA:33,14,0,0
BRDA:33,14,1,0
FN:40,Lucene.Net.Search.Query LuceneSearch.QueryHelper::Term(System.String,System.String)
FNDA:2,Lucene.Net.Search.Query LuceneSearch.QueryHelper::Term(System.String,System.String)
DA:41,2
FN:44,Lucene.Net.Search.Query LuceneSearch.QueryHelper::BooleanAnd(Lucene.Net.Search.Query[])
FNDA:8,Lucene.Net.Search.Query LuceneSearch.QueryHelper::BooleanAnd(Lucene.Net.Search.Query[])
DA:45,8
DA:46,0
DA:47,0
DA:48,0
DA:50,0
DA:52,0
BRDA:45,4,0,15
BRDA:45,4,1,0
BRDA:48,46,1,0
BRDA:48,46,0,0
FN:56,Lucene.Net.Search.Query LuceneSearch.QueryHelper::BooleanOr(Lucene.Net.Search.Query[])
FNDA:8,Lucene.Net.Search.Query LuceneSearch.QueryHelper::BooleanOr(Lucene.Net.Search.Query[])
DA:57,8
DA:58,0
DA:59,0
DA:60,0
DA:62,0
DA:64,0
BRDA:57,4,0,15
BRDA:57,4,1,0
BRDA:60,46,1,0
BRDA:60,46,0,0
LF:26
LH:8
BRF:20
BRH:10
FNF:8
FNH:5
end_of_record
SF:C:\Dev\LuceneSearch\src\LuceneSearch\SearchResult.cs
FN:23,System.Collections.Generic.IEnumerator`1<System.Collections.Generic.IReadOnlyCollection`1<System.Collections.Generic.KeyValuePair`2<System.String,System.String>>> LuceneSearch.SearchResult::GetEnumerator()
FNDA:4,System.Collections.Generic.IEnumerator`1<System.Collections.Generic.IReadOnlyCollection`1<System.Collections.Generic.KeyValuePair`2<System.String,System.String>>> LuceneSearch.SearchResult::GetEnumerator()
DA:24,4
FN:26,System.Collections.IEnumerator LuceneSearch.SearchResult::System.Collections.IEnumerable.GetEnumerator()
FNDA:0,System.Collections.IEnumerator LuceneSearch.SearchResult::System.Collections.IEnumerable.GetEnumerator()
DA:27,0
FN:33,System.Void LuceneSearch.SearchResult::Deconstruct(System.Int64&,System.TimeSpan&,System.Collections.Generic.IEnumerable`1<System.Collections.Generic.IReadOnlyCollection`1<System.Collections.Generic.KeyValuePair`2<System.String,System.String>>>&)
FNDA:2,System.Void LuceneSearch.SearchResult::Deconstruct(System.Int64&,System.TimeSpan&,System.Collections.Generic.IEnumerable`1<System.Collections.Generic.IReadOnlyCollection`1<System.Collections.Generic.KeyValuePair`2<System.String,System.String>>>&)
DA:34,2
DA:35,2
DA:36,2
DA:37,2
LF:6
LH:5
BRF:0
BRH:0
FNF:3
FNH:2
end_of_record
SF:C:\Dev\LuceneSearch\src\LuceneSearch.NetCore\DocumentMiddleware.cs
FN:18,System.Func`2<Microsoft.AspNetCore.Http.RequestDelegate,Microsoft.AspNetCore.Http.RequestDelegate> LuceneSearch.DocumentMiddleware::Create(LuceneSearch.Index,System.String,System.Func`2<System.String,System.Collections.Generic.IEnumerable`1<System.Collections.Generic.KeyValuePair`2<System.String,System.String>>>)
FNDA:16,System.Func`2<Microsoft.AspNetCore.Http.RequestDelegate,Microsoft.AspNetCore.Http.RequestDelegate> LuceneSearch.DocumentMiddleware::Create(LuceneSearch.Index,System.String,System.Func`2<System.String,System.Collections.Generic.IEnumerable`1<System.Collections.Generic.KeyValuePair`2<System.String,System.String>>>)
DA:19,16
DA:20,16
DA:21,18
DA:22,16
DA:23,18
DA:24,18
DA:25,16
DA:26,18
DA:27,18
DA:28,16
DA:29,17
DA:30,17
DA:31,16
DA:32,17
DA:33,16
DA:34,17
DA:35,17
DA:36,16
DA:37,17
DA:38,16
DA:39,17
DA:40,39
DA:41,16
DA:42,23
DA:43,23
DA:44,23
DA:45,16
DA:46,16
DA:47,16
DA:48,23
DA:49,16
DA:50,23
DA:51,23
DA:52,16
DA:53,16
DA:54,16
DA:55,16
DA:56,16
DA:57,16
DA:58,16
DA:59,16
DA:60,16
DA:61,23
DA:62,17
DA:63,17
DA:64,17
DA:65,16
DA:66,16
DA:67,16
DA:68,16
DA:69,16
DA:70,16
DA:71,16
DA:72,16
DA:73,16
DA:74,16
DA:75,16
DA:76,16
DA:77,16
DA:78,16
DA:79,16
DA:80,16
DA:81,16
DA:82,16
DA:83,16
DA:84,16
DA:85,16
DA:86,16
DA:87,16
DA:88,16
DA:89,16
DA:90,16
DA:91,16
DA:92,16
DA:93,16
DA:94,16
DA:95,16
DA:96,16
DA:97,17
DA:98,16
DA:99,16
DA:100,16
DA:101,16
DA:102,18
LF:84
LH:84
BRF:80
BRH:32
FNF:1
FNH:1
end_of_record
SF:C:\Dev\LuceneSearch\src\LuceneSearch.NetCore\Extensions.cs
FN:7,System.Nullable`1<System.Int32> LuceneSearch.Extensions::ParseInt(System.String)
FNDA:10,System.Nullable`1<System.Int32> LuceneSearch.Extensions::ParseInt(System.String)
DA:8,10
BRDA:8,1,0,63
BRDA:8,1,1,15
BRDA:8,11,0,15
BRDA:8,11,1,63
FN:13,System.Nullable`1<System.Boolean> LuceneSearch.Extensions::ParseBool(System.String)
FNDA:2,System.Nullable`1<System.Boolean> LuceneSearch.Extensions::ParseBool(System.String)
DA:14,2
BRDA:14,1,0,0
BRDA:14,1,1,3
BRDA:14,11,0,3
BRDA:14,11,1,0
LF:2
LH:2
BRF:8
BRH:6
FNF:2
FNH:2
end_of_record
SF:C:\Dev\LuceneSearch\src\LuceneSearch.NetCore\MiddlewareExtensions.cs
FN:9,Microsoft.AspNetCore.Builder.IApplicationBuilder LuceneSearch.MiddlewareExtensions::UseSearchMiddleware(Microsoft.AspNetCore.Builder.IApplicationBuilder,LuceneSearch.Index)
FNDA:0,Microsoft.AspNetCore.Builder.IApplicationBuilder LuceneSearch.MiddlewareExtensions::UseSearchMiddleware(Microsoft.AspNetCore.Builder.IApplicationBuilder,LuceneSearch.Index)
DA:10,0
FN:14,Microsoft.AspNetCore.Builder.IApplicationBuilder LuceneSearch.MiddlewareExtensions::UseDocumentMiddleware(Microsoft.AspNetCore.Builder.IApplicationBuilder,LuceneSearch.Index,System.String,System.Func`2<System.String,System.Collections.Generic.IEnumerable`1<System.Collections.Generic.KeyValuePair`2<System.String,System.String>>>)
FNDA:0,Microsoft.AspNetCore.Builder.IApplicationBuilder LuceneSearch.MiddlewareExtensions::UseDocumentMiddleware(Microsoft.AspNetCore.Builder.IApplicationBuilder,LuceneSearch.Index,System.String,System.Func`2<System.String,System.Collections.Generic.IEnumerable`1<System.Collections.Generic.KeyValuePair`2<System.String,System.String>>>)
DA:15,0
LF:2
LH:0
BRF:0
BRH:0
FNF:2
FNH:0
end_of_record
SF:C:\Dev\LuceneSearch\src\LuceneSearch.NetCore\SearchMiddleware.cs
FN:19,System.Func`2<Microsoft.AspNetCore.Http.RequestDelegate,Microsoft.AspNetCore.Http.RequestDelegate> LuceneSearch.SearchMiddleware::Create(LuceneSearch.Index)
FNDA:8,System.Func`2<Microsoft.AspNetCore.Http.RequestDelegate,Microsoft.AspNetCore.Http.RequestDelegate> LuceneSearch.SearchMiddleware::Create(LuceneSearch.Index)
DA:20,8
DA:21,8
DA:22,16
DA:23,16
DA:24,16
DA:25,24
DA:26,16
DA:27,22
DA:28,16
DA:29,16
DA:30,16
DA:31,16
DA:32,16
DA:33,16
DA:34,16
DA:35,16
DA:36,16
DA:37,22
DA:38,16
DA:39,20
DA:40,20
DA:41,20
DA:42,20
DA:43,20
DA:44,20
DA:45,16
DA:46,16
DA:47,18
DA:48,16
DA:49,18
DA:50,18
DA:51,16
DA:52,16
DA:53,18
DA:54,24
FN:113,LuceneSearch.SearchResult LuceneSearch.SearchMiddleware::SearchByQuery(LuceneSearch.Index,Microsoft.AspNetCore.Http.HttpContext,System.String)
FNDA:16,LuceneSearch.SearchResult LuceneSearch.SearchMiddleware::SearchByQuery(LuceneSearch.Index,Microsoft.AspNetCore.Http.HttpContext,System.String)
DA:114,16
DA:115,12
DA:116,4
DA:117,4
DA:118,4
DA:119,4
DA:120,8
DA:121,4
DA:122,4
DA:123,4
DA:124,4
DA:125,4
BRDA:114,17,0,1
BRDA:114,17,1,15
BRDA:114,53,0,1
BRDA:114,53,1,15
BRDA:114,84,0,1
BRDA:114,84,1,15
BRDA:116,160,0,15
BRDA:116,160,1,0
BRDA:117,218,0,0
BRDA:117,218,1,15
BRDA:119,296,0,1
BRDA:119,296,1,15
BRDA:121,340,0,0
BRDA:121,340,1,15
BRDA:122,351,0,0
BRDA:122,351,1,15
FN:78,System.String LuceneSearch.SearchMiddleware/<>c::<ReturnSearchResult>b__2_0(System.Collections.Generic.KeyValuePair`2<System.String,System.String>)
FNDA:8,System.String LuceneSearch.SearchMiddleware/<>c::<ReturnSearchResult>b__2_0(System.Collections.Generic.KeyValuePair`2<System.String,System.String>)
DA:79,8
FN:58,System.Void LuceneSearch.SearchMiddleware/<ReturnSearchResult>d__2::MoveNext()
FNDA:4,System.Void LuceneSearch.SearchMiddleware/<ReturnSearchResult>d__2::MoveNext()
DA:59,4
DA:61,4
DA:62,4
DA:64,4
DA:66,4
DA:68,4
DA:69,4
DA:71,4
DA:72,4
DA:74,4
DA:75,4
DA:76,16
DA:78,4
DA:80,4
DA:81,16
DA:83,4
DA:84,4
DA:85,4
DA:87,0
DA:88,0
DA:89,4
DA:91,4
DA:92,4
DA:95,0
DA:96,0
DA:98,0
DA:100,0
DA:102,4
DA:103,4
DA:104,4
DA:105,4
DA:107,4
DA:108,4
DA:109,4
BRDA:64,105,0,15
BRDA:64,105,1,0
BRDA:64,105,2,0
BRDA:64,105,3,0
BRDA:64,105,4,0
BRDA:64,105,5,0
BRDA:64,105,6,0
BRDA:64,105,7,0
BRDA:64,105,8,15
BRDA:64,105,9,15
BRDA:64,105,10,15
BRDA:64,105,11,15
BRDA:64,105,12,15
BRDA:64,105,13,15
BRDA:64,105,14,15
BRDA:64,105,15,15
BRDA:64,105,16,0
BRDA:64,105,17,0
BRDA:66,217,0,0
BRDA:66,217,1,15
BRDA:68,333,0,0
BRDA:68,333,1,15
BRDA:69,455,0,0
BRDA:69,455,1,15
BRDA:71,571,0,0
BRDA:71,571,1,15
BRDA:72,693,0,0
BRDA:72,693,1,15
BRDA:74,809,0,0
BRDA:74,809,1,15
BRDA:75,920,0,0
BRDA:75,920,1,15
BRDA:76,2343,1,15
BRDA:76,1013,1,0
BRDA:76,1013,2,15
BRDA:76,1013,3,15
BRDA:76,1013,4,15
BRDA:76,1013,5,15
BRDA:76,1013,6,15
BRDA:76,1013,7,15
BRDA:76,1013,8,0
BRDA:76,1013,0,255
BRDA:76,2343,0,15
BRDA:78,1078,0,0
BRDA:78,1078,1,15
BRDA:79,1093,0,1
BRDA:79,1093,1,15
BRDA:80,1167,0,0
BRDA:80,1167,1,15
BRDA:81,2175,1,15
BRDA:81,1260,1,0
BRDA:81,1260,2,0
BRDA:81,1260,3,0
BRDA:81,1260,4,0
BRDA:81,1260,5,0
BRDA:81,1260,6,0
BRDA:81,1260,0,255
BRDA:81,2175,0,15
BRDA:83,1361,0,0
BRDA:83,1361,1,15
BRDA:85,1457,0,0
BRDA:85,1457,1,15
BRDA:87,1498,0,0
BRDA:87,1498,1,0
BRDA:89,1585,0,15
BRDA:89,1585,1,0
BRDA:91,1646,0,0
BRDA:91,1646,1,15
BRDA:95,1763,0,0
BRDA:95,1763,1,0
BRDA:96,2026,1,0
BRDA:96,2026,0,0
BRDA:98,1925,0,0
BRDA:98,1925,1,0
BRDA:100,2077,0,0
BRDA:100,2077,1,0
BRDA:103,2252,0,0
BRDA:103,2252,1,15
BRDA:105,2420,0,0
BRDA:105,2420,1,15
BRDA:107,2532,0,0
BRDA:107,2532,1,15
FN:129,System.Void LuceneSearch.SearchMiddleware/<ReturnSearchTerm>d__4::MoveNext()
FNDA:2,System.Void LuceneSearch.SearchMiddleware/<ReturnSearchTerm>d__4::MoveNext()
DA:130,2
DA:131,2
DA:132,2
DA:133,2
DA:134,2
DA:135,2
DA:136,2
DA:137,2
DA:139,2
DA:140,2
DA:141,2
BRDA:130,74,0,3
BRDA:130,74,1,0
BRDA:130,171,0,0
BRDA:130,171,1,3
BRDA:139,305,0,0
BRDA:139,305,1,3
LF:93
LH:87
BRF:129
BRH:68
FNF:5
FNH:5
end_of_record
SF:C:\Dev\LuceneSearch\src\LuceneSearch.NetCore\AspNetCoreHttpMessageHandler.cs
FN:54,System.Void System.Net.Http.AspNetCoreHttpMessageHandler::Dispose(System.Boolean)
FNDA:8,System.Void System.Net.Http.AspNetCoreHttpMessageHandler::Dispose(System.Boolean)
DA:55,8
DA:56,8
DA:57,8
FN:71,System.Boolean System.Net.Http.AspNetCoreHttpMessageHandler::get_UseCookies()
FNDA:0,System.Boolean System.Net.Http.AspNetCoreHttpMessageHandler::get_UseCookies()
DA:72,0
FN:74,System.Void System.Net.Http.AspNetCoreHttpMessageHandler::set_UseCookies(System.Boolean)
FNDA:0,System.Void System.Net.Http.AspNetCoreHttpMessageHandler::set_UseCookies(System.Boolean)
DA:75,0
DA:76,0
DA:77,0
FN:89,System.Boolean System.Net.Http.AspNetCoreHttpMessageHandler::get_AllowAutoRedirect()
FNDA:0,System.Boolean System.Net.Http.AspNetCoreHttpMessageHandler::get_AllowAutoRedirect()
DA:90,0
FN:92,System.Void System.Net.Http.AspNetCoreHttpMessageHandler::set_AllowAutoRedirect(System.Boolean)
FNDA:0,System.Void System.Net.Http.AspNetCoreHttpMessageHandler::set_AllowAutoRedirect(System.Boolean)
DA:93,0
DA:94,0
DA:95,0
FN:105,System.Int32 System.Net.Http.AspNetCoreHttpMessageHandler::get_AutoRedirectLimit()
FNDA:0,System.Int32 System.Net.Http.AspNetCoreHttpMessageHandler::get_AutoRedirectLimit()
DA:106,0
FN:108,System.Void System.Net.Http.AspNetCoreHttpMessageHandler::set_AutoRedirectLimit(System.Int32)
FNDA:0,System.Void System.Net.Http.AspNetCoreHttpMessageHandler::set_AutoRedirectLimit(System.Int32)
DA:109,0
DA:110,0
DA:112,0
DA:114,0
DA:115,0
BRDA:110,8,0,0
BRDA:110,8,1,0
FN:126,System.Net.CookieContainer System.Net.Http.AspNetCoreHttpMessageHandler::get_CookieContainer()
FNDA:0,System.Net.CookieContainer System.Net.Http.AspNetCoreHttpMessageHandler::get_CookieContainer()
DA:127,0
FN:129,System.Void System.Net.Http.AspNetCoreHttpMessageHandler::set_CookieContainer(System.Net.CookieContainer)
FNDA:0,System.Void System.Net.Http.AspNetCoreHttpMessageHandler::set_CookieContainer(System.Net.CookieContainer)
DA:130,0
DA:131,0
DA:132,0
FN:177,System.Boolean System.Net.Http.AspNetCoreHttpMessageHandler::IsRedirectToGet(System.Int32)
FNDA:0,System.Boolean System.Net.Http.AspNetCoreHttpMessageHandler::IsRedirectToGet(System.Int32)
DA:178,0
BRDA:178,6,0,0
BRDA:178,14,0,0
BRDA:178,6,1,0
BRDA:178,14,1,0
FN:180,System.Boolean System.Net.Http.AspNetCoreHttpMessageHandler::IsBodylessRequest(System.Net.Http.HttpRequestMessage)
FNDA:0,System.Boolean System.Net.Http.AspNetCoreHttpMessageHandler::IsBodylessRequest(System.Net.Http.HttpRequestMessage)
DA:181,0
BRDA:181,16,0,0
BRDA:181,34,0,0
BRDA:181,16,1,0
BRDA:181,34,1,0
FN:235,System.Void System.Net.Http.AspNetCoreHttpMessageHandler::CheckSetCookie(System.Net.Http.HttpRequestMessage,System.Net.Http.HttpResponseMessage)
FNDA:8,System.Void System.Net.Http.AspNetCoreHttpMessageHandler::CheckSetCookie(System.Net.Http.HttpRequestMessage,System.Net.Http.HttpResponseMessage)
DA:236,8
DA:238,0
DA:239,0
DA:241,8
BRDA:236,6,0,0
BRDA:236,24,0,0
BRDA:236,6,1,255
BRDA:236,24,1,255
FN:244,System.Void System.Net.Http.AspNetCoreHttpMessageHandler::CheckDisposedOrStarted()
FNDA:0,System.Void System.Net.Http.AspNetCoreHttpMessageHandler::CheckDisposedOrStarted()
DA:245,0
DA:246,0
DA:248,0
DA:250,0
BRDA:246,12,0,0
BRDA:246,12,1,0
FN:253,System.Void System.Net.Http.AspNetCoreHttpMessageHandler::CheckDisposed()
FNDA:0,System.Void System.Net.Http.AspNetCoreHttpMessageHandler::CheckDisposed()
DA:254,0
DA:256,0
DA:258,0
BRDA:254,6,0,0
BRDA:254,6,1,0
FN:308,Microsoft.AspNetCore.Http.HttpContext System.Net.Http.AspNetCoreHttpMessageHandler/RequestState::get_Context()
FNDA:68,Microsoft.AspNetCore.Http.HttpContext System.Net.Http.AspNetCoreHttpMessageHandler/RequestState::get_Context()
DA:309,68
FN:310,System.Threading.Tasks.Task`1<System.Net.Http.HttpResponseMessage> System.Net.Http.AspNetCoreHttpMessageHandler/RequestState::get_ResponseTask()
FNDA:8,System.Threading.Tasks.Task`1<System.Net.Http.HttpResponseMessage> System.Net.Http.AspNetCoreHttpMessageHandler/RequestState::get_ResponseTask()
DA:311,8
FN:314,System.Void System.Net.Http.AspNetCoreHttpMessageHandler/RequestState::CompleteResponse()
FNDA:15,System.Void System.Net.Http.AspNetCoreHttpMessageHandler/RequestState::CompleteResponse()
DA:315,15
DA:317,10
DA:319,20
DA:321,15
BRDA:315,16,0,1023
BRDA:315,16,1,32767
FN:324,System.Net.Http.HttpResponseMessage System.Net.Http.AspNetCoreHttpMessageHandler/RequestState::GenerateResponse()
FNDA:10,System.Net.Http.HttpResponseMessage System.Net.Http.AspNetCoreHttpMessageHandler/RequestState::GenerateResponse()
DA:325,10
DA:327,10
DA:328,10
DA:329,10
DA:330,10
DA:331,10
DA:332,10
DA:335,38
DA:337,9
DA:339,9
DA:342,10
BRDA:335,180,1,511
BRDA:335,180,0,1023
BRDA:337,133,0,511
BRDA:337,133,1,524287
FN:346,System.Void System.Net.Http.AspNetCoreHttpMessageHandler/RequestState::Abort()
FNDA:0,System.Void System.Net.Http.AspNetCoreHttpMessageHandler/RequestState::Abort()
DA:347,0
DA:348,0
FN:351,System.Void System.Net.Http.AspNetCoreHttpMessageHandler/RequestState::Abort(System.Exception)
FNDA:0,System.Void System.Net.Http.AspNetCoreHttpMessageHandler/RequestState::Abort(System.Exception)
DA:352,0
DA:353,0
DA:354,0
FN:357,System.Void System.Net.Http.AspNetCoreHttpMessageHandler/RequestState::Dispose()
FNDA:8,System.Void System.Net.Http.AspNetCoreHttpMessageHandler/RequestState::Dispose()
DA:358,8
DA:360,8
FN:270,System.Threading.Tasks.Task System.Net.Http.AspNetCoreHttpMessageHandler/RequestState/<>c::<.ctor>b__4_0()
FNDA:10,System.Threading.Tasks.Task System.Net.Http.AspNetCoreHttpMessageHandler/RequestState/<>c::<.ctor>b__4_0()
DA:271,10
FN:37,System.Threading.Tasks.Task System.Net.Http.AspNetCoreHttpMessageHandler/<>c::<.ctor>b__8_0(Microsoft.AspNetCore.Http.HttpContext)
FNDA:1,System.Threading.Tasks.Task System.Net.Http.AspNetCoreHttpMessageHandler/<>c::<.ctor>b__8_0(Microsoft.AspNetCore.Http.HttpContext)
DA:38,1
DA:39,1
FN:138,System.Void System.Net.Http.AspNetCoreHttpMessageHandler/<SendAsync>d__23::MoveNext()
FNDA:8,System.Void System.Net.Http.AspNetCoreHttpMessageHandler/<SendAsync>d__23::MoveNext()
DA:139,8
DA:141,0
DA:143,8
DA:145,8
DA:147,8
DA:148,8
DA:150,8
DA:151,8
DA:152,8
DA:154,0
DA:156,0
DA:158,0
DA:159,0
DA:161,0
DA:164,0
DA:165,0
DA:166,0
DA:167,0
DA:168,0
DA:170,0
DA:172,0
DA:173,0
DA:175,8
DA:176,8
BRDA:139,19,0,255
BRDA:139,30,0,0
BRDA:139,30,1,255
BRDA:139,19,1,0
BRDA:145,92,0,255
BRDA:145,92,1,255
BRDA:150,513,1,0
BRDA:150,538,1,0
BRDA:150,504,0,0
BRDA:150,513,0,0
BRDA:150,529,0,0
BRDA:150,504,1,255
BRDA:150,529,1,255
BRDA:150,538,0,255
BRDA:154,199,0,0
BRDA:154,199,1,0
BRDA:159,248,0,0
BRDA:159,248,1,0
BRDA:164,277,0,0
BRDA:164,277,1,0
BRDA:170,397,0,0
BRDA:170,397,1,0
FN:214,System.Void System.Net.Http.AspNetCoreHttpMessageHandler/<>c__DisplayClass26_0/<<SendInternalAsync>b__0>d::MoveNext()
FNDA:16,System.Void System.Net.Http.AspNetCoreHttpMessageHandler/<>c__DisplayClass26_0/<<SendInternalAsync>b__0>d::MoveNext()
DA:215,16
DA:216,16
DA:217,16
DA:218,8
DA:220,8
DA:221,8
DA:224,16
DA:225,16
DA:227,16
BRDA:215,18,0,255
BRDA:215,69,0,0
BRDA:215,18,1,0
BRDA:215,69,1,255
BRDA:221,175,0,255
BRDA:221,175,1,255
FN:186,System.Void System.Net.Http.AspNetCoreHttpMessageHandler/<SendInternalAsync>d__26::MoveNext()
FNDA:8,System.Void System.Net.Http.AspNetCoreHttpMessageHandler/<SendInternalAsync>d__26::MoveNext()
DA:187,8
DA:189,0
DA:190,0
DA:192,0
DA:196,8
DA:198,8
DA:199,8
DA:200,8
DA:203,8
DA:205,8
DA:206,8
DA:210,8
DA:211,8
DA:212,8
DA:213,8
DA:214,8
DA:219,8
DA:222,8
DA:223,8
DA:226,8
DA:229,8
DA:230,8
DA:231,8
DA:232,8
BRDA:187,22,0,255
BRDA:187,61,0,0
BRDA:187,61,1,255
BRDA:187,22,1,255
BRDA:190,94,0,0
BRDA:190,94,1,255
BRDA:198,159,0,255
BRDA:198,159,1,255
BRDA:199,201,0,0
BRDA:199,201,1,255
BRDA:200,282,0,255
BRDA:200,282,1,255
BRDA:229,434,0,255
BRDA:229,434,1,255
LF:118
LH:67
BRF:66
BRH:30
FNF:26
FNH:12
end_of_record
SF:C:\Dev\LuceneSearch\src\LuceneSearch.NetCore\ResponseStream.cs
FN:33,System.Boolean System.Net.Http.ResponseStream::get_CanRead()
FNDA:8,System.Boolean System.Net.Http.ResponseStream::get_CanRead()
DA:34,8
FN:35,System.Boolean System.Net.Http.ResponseStream::get_CanSeek()
FNDA:39,System.Boolean System.Net.Http.ResponseStream::get_CanSeek()
DA:36,39
FN:37,System.Boolean System.Net.Http.ResponseStream::get_CanWrite()
FNDA:5,System.Boolean System.Net.Http.ResponseStream::get_CanWrite()
DA:38,5
FN:41,System.Int64 System.Net.Http.ResponseStream::get_Length()
FNDA:0,System.Int64 System.Net.Http.ResponseStream::get_Length()
DA:42,0
FN:45,System.Int64 System.Net.Http.ResponseStream::get_Position()
FNDA:0,System.Int64 System.Net.Http.ResponseStream::get_Position()
DA:46,0
FN:46,System.Void System.Net.Http.ResponseStream::set_Position(System.Int64)
FNDA:0,System.Void System.Net.Http.ResponseStream::set_Position(System.Int64)
DA:47,0
FN:51,System.Int64 System.Net.Http.ResponseStream::Seek(System.Int64,System.IO.SeekOrigin)
FNDA:0,System.Int64 System.Net.Http.ResponseStream::Seek(System.Int64,System.IO.SeekOrigin)
DA:52,0
FN:56,System.Void System.Net.Http.ResponseStream::SetLength(System.Int64)
FNDA:0,System.Void System.Net.Http.ResponseStream::SetLength(System.Int64)
DA:57,0
FN:63,System.Void System.Net.Http.ResponseStream::Flush()
FNDA:5,System.Void System.Net.Http.ResponseStream::Flush()
DA:64,5
DA:66,5
DA:69,5
DA:70,5
DA:73,5
DA:74,5
DA:77,5
FN:80,System.Threading.Tasks.Task System.Net.Http.ResponseStream::FlushAsync(System.Threading.CancellationToken)
FNDA:0,System.Threading.Tasks.Task System.Net.Http.ResponseStream::FlushAsync(System.Threading.CancellationToken)
DA:81,0
DA:83,0
DA:84,0
DA:85,0
DA:88,0
DA:92,0
BRDA:81,7,0,0
BRDA:81,7,1,0
FN:96,System.Int32 System.Net.Http.ResponseStream::Read(System.Byte[],System.Int32,System.Int32)
FNDA:0,System.Int32 System.Net.Http.ResponseStream::Read(System.Byte[],System.Int32,System.Int32)
DA:97,0
DA:98,0
DA:101,0
DA:105,0
DA:106,0
DA:109,0
DA:111,0
DA:113,0
DA:115,0
DA:117,0
DA:119,0
DA:121,0
DA:122,0
DA:123,0
DA:124,0
DA:125,0
DA:126,0
DA:127,0
DA:128,0
DA:130,0
DA:132,0
DA:136,0
DA:137,0
DA:138,0
BRDA:106,40,0,0
BRDA:106,40,1,0
BRDA:109,89,1,0
BRDA:109,89,0,0
BRDA:111,50,0,0
BRDA:111,50,1,0
BRDA:130,229,1,0
BRDA:130,246,1,0
BRDA:130,215,0,0
BRDA:130,229,0,0
BRDA:130,215,1,0
BRDA:130,246,0,0
FN:189,System.Void System.Net.Http.ResponseStream::FirstWrite()
FNDA:12,System.Void System.Net.Http.ResponseStream::FirstWrite()
DA:190,12
DA:192,7
DA:193,7
DA:195,12
BRDA:190,6,0,127
BRDA:190,6,1,4095
FN:199,System.Void System.Net.Http.ResponseStream::Write(System.Byte[],System.Int32,System.Int32)
FNDA:7,System.Void System.Net.Http.ResponseStream::Write(System.Byte[],System.Int32,System.Int32)
DA:200,7
DA:201,7
DA:203,7
DA:206,7
DA:207,7
DA:209,0
DA:212,7
DA:213,7
DA:214,7
DA:216,7
DA:217,7
DA:220,7
DA:221,7
DA:222,7
BRDA:207,33,0,0
BRDA:207,33,1,127
FN:240,System.Threading.Tasks.Task System.Net.Http.ResponseStream::WriteAsync(System.Byte[],System.Int32,System.Int32,System.Threading.CancellationToken)
FNDA:2,System.Threading.Tasks.Task System.Net.Http.ResponseStream::WriteAsync(System.Byte[],System.Int32,System.Int32,System.Threading.CancellationToken)
DA:241,2
DA:242,2
DA:244,0
DA:245,0
DA:246,0
DA:249,2
DA:250,2
BRDA:242,16,0,0
BRDA:242,16,1,3
FN:254,System.Void System.Net.Http.ResponseStream::VerifyBuffer(System.Byte[],System.Int32,System.Int32,System.Boolean)
FNDA:24,System.Void System.Net.Http.ResponseStream::VerifyBuffer(System.Byte[],System.Int32,System.Int32,System.Boolean)
DA:255,24
DA:257,0
DA:259,24
DA:261,0
DA:263,24
DA:264,24
DA:266,0
DA:268,24
BRDA:255,1,0,0
BRDA:255,1,1,16777215
BRDA:259,16,0,16777215
BRDA:259,16,1,0
BRDA:259,22,0,0
BRDA:259,22,1,16777215
BRDA:263,48,0,16777215
BRDA:263,56,0,16777215
BRDA:263,59,0,32767
BRDA:263,48,1,0
BRDA:263,56,1,0
BRDA:263,62,0,0
BRDA:263,59,1,16777215
BRDA:263,62,1,16777215
FN:272,System.Void System.Net.Http.ResponseStream::SignalDataAvailable()
FNDA:14,System.Void System.Net.Http.ResponseStream::SignalDataAvailable()
DA:273,14
DA:274,7
FN:277,System.Threading.Tasks.Task System.Net.Http.ResponseStream::WaitForDataAsync()
FNDA:0,System.Threading.Tasks.Task System.Net.Http.ResponseStream::WaitForDataAsync()
DA:278,0
DA:280,0
DA:283,0
DA:286,0
BRDA:280,22,0,0
BRDA:280,22,1,0
BRDA:280,30,0,0
BRDA:280,30,1,0
FN:290,System.Void System.Net.Http.ResponseStream::Abort()
FNDA:0,System.Void System.Net.Http.ResponseStream::Abort()
DA:291,0
DA:292,0
FN:295,System.Void System.Net.Http.ResponseStream::Abort(System.Exception)
FNDA:0,System.Void System.Net.Http.ResponseStream::Abort(System.Exception)
DA:296,0
DA:297,0
DA:298,0
DA:299,0
FN:302,System.Void System.Net.Http.ResponseStream::CheckAborted()
FNDA:23,System.Void System.Net.Http.ResponseStream::CheckAborted()
DA:303,23
DA:305,0
DA:307,23
BRDA:303,6,0,0
BRDA:303,6,1,8388607
FN:310,System.Void System.Net.Http.ResponseStream::Dispose(System.Boolean)
FNDA:21,System.Void System.Net.Http.ResponseStream::Dispose(System.Boolean)
DA:311,21
DA:314,21
DA:315,21
DA:318,21
DA:319,21
BRDA:311,1,0,2097151
BRDA:311,1,1,2097151
FN:322,System.Void System.Net.Http.ResponseStream::CheckDisposed()
FNDA:12,System.Void System.Net.Http.ResponseStream::CheckDisposed()
DA:323,12
DA:325,0
DA:327,12
BRDA:323,6,0,0
BRDA:323,6,1,4095
FN:141,System.Void System.Net.Http.ResponseStream/<ReadAsync>d__27::MoveNext()
FNDA:15,System.Void System.Net.Http.ResponseStream/<ReadAsync>d__27::MoveNext()
DA:142,15
DA:143,15
DA:144,15
DA:147,15
DA:151,15
DA:152,15
DA:155,15
DA:157,8
DA:159,8
DA:161,8
DA:163,0
DA:165,7
DA:167,7
DA:168,7
DA:169,7
DA:170,7
DA:171,7
DA:172,7
DA:173,7
DA:174,7
DA:176,7
DA:178,7
DA:182,15
DA:183,15
DA:185,15
BRDA:142,22,0,32767
BRDA:142,22,1,32767
BRDA:144,120,0,0
BRDA:144,120,1,32767
BRDA:144,195,0,32767
BRDA:144,195,1,0
BRDA:152,222,0,32767
BRDA:152,222,1,127
BRDA:155,369,1,255
BRDA:155,369,0,127
BRDA:157,235,0,255
BRDA:157,235,1,0
BRDA:163,284,0,0
BRDA:163,284,1,0
BRDA:176,568,1,32767
BRDA:176,585,1,32767
BRDA:176,554,0,127
BRDA:176,568,0,127
BRDA:176,554,1,127
BRDA:176,585,0,127
BRDA:178,601,0,32767
BRDA:178,601,1,32767
LF:126
LH:71
BRF:66
BRH:33
FNF:23
FNH:13
end_of_record
SF:C:\Dev\LuceneSearch\test\TestServer\Program.cs
FN:23,System.Void TestServer.Program::Main(System.String[])
FNDA:0,System.Void TestServer.Program::Main(System.String[])
DA:24,0
DA:25,0
DA:26,0
DA:28,0
DA:29,0
DA:32,0
DA:33,0
DA:34,0
DA:35,0
DA:36,0
DA:37,0
DA:38,0
DA:39,0
DA:40,0
DA:41,0
DA:42,0
DA:43,0
DA:44,0
DA:45,0
DA:46,0
DA:47,0
DA:48,0
DA:49,0
DA:50,0
DA:51,0
DA:52,0
DA:53,0
DA:54,0
DA:55,0
DA:56,0
DA:57,0
DA:58,0
DA:60,0
DA:61,0
BRDA:26,45,0,0
BRDA:26,45,1,0
BRDA:32,122,0,0
BRDA:32,122,1,0
FN:64,System.Func`2<Microsoft.AspNetCore.Http.RequestDelegate,Microsoft.AspNetCore.Http.RequestDelegate> TestServer.Program::ConfigureMiddleware(System.Boolean,System.String)
FNDA:8,System.Func`2<Microsoft.AspNetCore.Http.RequestDelegate,Microsoft.AspNetCore.Http.RequestDelegate> TestServer.Program::ConfigureMiddleware(System.Boolean,System.String)
DA:65,8
DA:66,8008
DA:67,16008
DA:68,16008
DA:69,16008
DA:70,16008
DA:71,16008
DA:72,16008
DA:73,16008
DA:74,16008
DA:75,16008
DA:76,16008
DA:77,16008
DA:78,16008
DA:79,72008
DA:81,8
DA:82,8
DA:83,8
DA:84,8
DA:85,8
DA:86,8
DA:87,8
DA:88,8
DA:89,8
DA:90,8
DA:91,8
DA:93,8
DA:95,8
DA:99,8
DA:100,8
DA:102,16
BRDA:65,12,0,1
BRDA:65,12,1,255
BRDA:93,188,0,255
BRDA:93,188,1,255
LF:65
LH:31
BRF:54
BRH:40
FNF:2
FNH:1
end_of_record
SF:C:\Dev\LuceneSearch\test\TestServer\TestData.cs
FN:12,System.Collections.Generic.IEnumerable`1<System.String> TestServer.TestData::DocumentsXL()
FNDA:0,System.Collections.Generic.IEnumerable`1<System.String> TestServer.TestData::DocumentsXL()
DA:13,0
FN:14,System.Collections.Generic.IEnumerable`1<System.String> TestServer.TestData::DocumentsSmall()
FNDA:8,System.Collections.Generic.IEnumerable`1<System.String> TestServer.TestData::DocumentsSmall()
DA:15,8
FN:17,System.Collections.Generic.IEnumerable`1<System.String> TestServer.TestData::DocumentsFrom(System.String)
FNDA:8,System.Collections.Generic.IEnumerable`1<System.String> TestServer.TestData::DocumentsFrom(System.String)
DA:18,8
DA:19,8
DA:21,0
DA:22,0
DA:23,0
DA:24,0
DA:28,8
DA:29,16
DA:30,8
BRDA:19,41,0,0
BRDA:19,41,1,255
BRDA:21,54,0,0
BRDA:21,54,1,0
FN:35,System.Boolean TestServer.TestData/<ReadFromStream>d__3::MoveNext()
FNDA:8,System.Boolean TestServer.TestData/<ReadFromStream>d__3::MoveNext()
DA:36,8
DA:39,8008
DA:41,8000
DA:43,8
DA:44,8
BRDA:36,12,0,0
BRDA:36,12,1,2147483647
BRDA:39,99,1,2147483647
BRDA:39,99,0,255
LF:16
LH:11
BRF:8
BRH:4
FNF:4
FNH:3
end_of_record
SF:C:\Dev\LuceneSearch\test\TestServer\WebHostBuilderExtensions.cs
FN:13,Microsoft.AspNetCore.Hosting.IWebHostBuilder TestServer.WebHostBuilderExtensions::UseApplicationKey(Microsoft.AspNetCore.Hosting.IWebHostBuilder,System.String)
FNDA:0,Microsoft.AspNetCore.Hosting.IWebHostBuilder TestServer.WebHostBuilderExtensions::UseApplicationKey(Microsoft.AspNetCore.Hosting.IWebHostBuilder,System.String)
DA:14,0
FN:16,Microsoft.AspNetCore.Hosting.IWebHostBuilder TestServer.WebHostBuilderExtensions::UseStartup(Microsoft.AspNetCore.Hosting.IWebHostBuilder,Microsoft.AspNetCore.Hosting.IStartup)
FNDA:0,Microsoft.AspNetCore.Hosting.IWebHostBuilder TestServer.WebHostBuilderExtensions::UseStartup(Microsoft.AspNetCore.Hosting.IWebHostBuilder,Microsoft.AspNetCore.Hosting.IStartup)
DA:17,0
DA:18,0
DA:19,0
DA:20,0
FN:24,Microsoft.AspNetCore.Hosting.IWebHostBuilder TestServer.WebHostBuilderExtensions::UseStartup(Microsoft.AspNetCore.Hosting.IWebHostBuilder,System.Action`1<Microsoft.AspNetCore.Builder.IApplicationBuilder>)
FNDA:0,Microsoft.AspNetCore.Hosting.IWebHostBuilder TestServer.WebHostBuilderExtensions::UseStartup(Microsoft.AspNetCore.Hosting.IWebHostBuilder,System.Action`1<Microsoft.AspNetCore.Builder.IApplicationBuilder>)
DA:25,0
DA:26,0
FN:29,Microsoft.AspNetCore.Hosting.IWebHostBuilder TestServer.WebHostBuilderExtensions::UseStartup(Microsoft.AspNetCore.Hosting.IWebHostBuilder,System.Action`2<Microsoft.AspNetCore.Builder.IApplicationBuilder,Microsoft.AspNetCore.Hosting.IHostingEnvironment>)
FNDA:0,Microsoft.AspNetCore.Hosting.IWebHostBuilder TestServer.WebHostBuilderExtensions::UseStartup(Microsoft.AspNetCore.Hosting.IWebHostBuilder,System.Action`2<Microsoft.AspNetCore.Builder.IApplicationBuilder,Microsoft.AspNetCore.Hosting.IHostingEnvironment>)
DA:30,0
DA:31,0
DA:32,0
DA:33,0
FN:37,Microsoft.AspNetCore.Hosting.IWebHostBuilder TestServer.WebHostBuilderExtensions::UseStartup(Microsoft.AspNetCore.Hosting.IWebHostBuilder,System.Action`3<Microsoft.AspNetCore.Builder.IApplicationBuilder,Microsoft.AspNetCore.Hosting.IHostingEnvironment,Microsoft.Extensions.Logging.ILoggerFactory>)
FNDA:0,Microsoft.AspNetCore.Hosting.IWebHostBuilder TestServer.WebHostBuilderExtensions::UseStartup(Microsoft.AspNetCore.Hosting.IWebHostBuilder,System.Action`3<Microsoft.AspNetCore.Builder.IApplicationBuilder,Microsoft.AspNetCore.Hosting.IHostingEnvironment,Microsoft.Extensions.Logging.ILoggerFactory>)
DA:38,0
DA:39,0
DA:40,0
DA:41,0
FN:52,System.Void TestServer.WebHostBuilderExtensions/DelegateStartup::Configure(Microsoft.AspNetCore.Builder.IApplicationBuilder)
FNDA:0,System.Void TestServer.WebHostBuilderExtensions/DelegateStartup::Configure(Microsoft.AspNetCore.Builder.IApplicationBuilder)
DA:53,0
FN:54,System.IServiceProvider TestServer.WebHostBuilderExtensions/DelegateStartup::ConfigureServices(Microsoft.Extensions.DependencyInjection.IServiceCollection)
FNDA:0,System.IServiceProvider TestServer.WebHostBuilderExtensions/DelegateStartup::ConfigureServices(Microsoft.Extensions.DependencyInjection.IServiceCollection)
DA:55,0
LF:17
LH:0
BRF:8
BRH:0
FNF:7
FNH:0
end_of_record